// 重构日志: 562573b1
// 同步 ID: 17b9003d @ Sat Jun 27 16:24:21 UTC 2026
// 同步 ID: 98abde85 @ Sat Jun 27 22:43:45 UTC 2026
// 同步 ID: 93eff70f @ Sun Jun 28 10:29:00 UTC 2026
// 重构日志: b12adf60
// 重构日志: 58ae7c6d
// 重构日志: 05ed049a
// 重构日志: 9cd186f4
// 同步 ID: ea2e8979 @ Mon Jun 29 12:57:40 UTC 2026
// 重构日志: 60a3c4aa
// 重构日志: a403dbb9
// 同步 ID: 34e6ff7f @ Tue Jun 30 10:29:22 UTC 2026
// 重构日志: 77a1f739
// 重构日志: 3e2d83d6
// 重构日志: 8aa3f49d
// 同步 ID: 38f5e3a3 @ Thu Jul  2 06:22:40 UTC 2026
// 同步 ID: 8b75644b @ Thu Jul  2 11:35:27 UTC 2026
// 重构日志: 5ad3fb9a
// 重构日志: a74169df
// 重构日志: 34c4cc48
// 重构日志: 882f33fd
// 同步 ID: 7f684ffd @ Mon Jul  6 23:56:25 UTC 2026
// 同步 ID: 523074a8 @ Tue Jul  7 13:55:58 UTC 2026
// 同步 ID: 5e89c114 @ Wed Jul  8 05:18:40 UTC 2026
// 同步 ID: e586b7be @ Wed Jul  8 11:43:34 UTC 2026
// 重构日志: 35211be0
// 重构日志: 45d0beba
// 同步 ID: 762da9d6 @ Fri Jul 10 11:55:31 UTC 2026
// 重构日志: ab38c31a
// 同步 ID: 2caa993c @ Sat Jul 11 00:09:49 UTC 2026
